[0.007s] Invoking command in '/home/johann/dev_ws/build/basic_mobile_robot': CMAKE_PREFIX_PATH=/opt/ros/humble /usr/bin/cmake --build /home/johann/dev_ws/build/basic_mobile_robot -- -j12 -l12
[0.019s] -- Found ament_cmake: 1.3.10 (/opt/ros/humble/share/ament_cmake/cmake)
[0.105s] -- Found ament_lint_auto: 0.12.11 (/opt/ros/humble/share/ament_lint_auto/cmake)
[0.150s] -- Added test 'flake8' to check Python code syntax and style conventions
[0.150s] -- Added test 'lint_cmake' to check CMake code style
[0.151s] -- Added test 'pep257' to check Python code against some of the docstring style conventions in PEP 257
[0.152s] -- Added test 'xmllint' to check XML markup files
[0.152s] -- Configuring done
[0.153s] -- Generating done
[0.154s] -- Build files have been written to: /home/johann/dev_ws/build/basic_mobile_robot
[0.167s] Invoked command in '/home/johann/dev_ws/build/basic_mobile_robot' returned '0': CMAKE_PREFIX_PATH=/opt/ros/humble /usr/bin/cmake --build /home/johann/dev_ws/build/basic_mobile_robot -- -j12 -l12
[0.183s] Invoking command in '/home/johann/dev_ws/build/basic_mobile_robot': CMAKE_PREFIX_PATH=/opt/ros/humble /usr/bin/cmake --install /home/johann/dev_ws/build/basic_mobile_robot
[0.187s] -- Install configuration: ""
[0.187s] -- Installing: /home/johann/dev_ws/install/basic_mobile_robot/share/basic_mobile_robot/config
[0.187s] -- Installing: /home/johann/dev_ws/install/basic_mobile_robot/share/basic_mobile_robot/launch
[0.187s] -- Installing: /home/johann/dev_ws/install/basic_mobile_robot/share/basic_mobile_robot/launch/basic_mobile_bot_v1.launch.py
[0.187s] -- Installing: /home/johann/dev_ws/install/basic_mobile_robot/share/basic_mobile_robot/maps
[0.187s] -- Installing: /home/johann/dev_ws/install/basic_mobile_robot/share/basic_mobile_robot/meshes
[0.188s] -- Installing: /home/johann/dev_ws/install/basic_mobile_robot/share/basic_mobile_robot/meshes/robot_base.stl
[0.188s] -- Installing: /home/johann/dev_ws/install/basic_mobile_robot/share/basic_mobile_robot/meshes/elbow.stl:Zone.Identifier
[0.188s] -- Installing: /home/johann/dev_ws/install/basic_mobile_robot/share/basic_mobile_robot/meshes/arm_base.stl
[0.188s] -- Installing: /home/johann/dev_ws/install/basic_mobile_robot/share/basic_mobile_robot/meshes/elbow.stl
[0.188s] -- Installing: /home/johann/dev_ws/install/basic_mobile_robot/share/basic_mobile_robot/meshes/wheel.stl
[0.188s] -- Installing: /home/johann/dev_ws/install/basic_mobile_robot/share/basic_mobile_robot/meshes/bicep.stl
[0.188s] -- Installing: /home/johann/dev_ws/install/basic_mobile_robot/share/basic_mobile_robot/meshes/wrist.stl
[0.189s] -- Installing: /home/johann/dev_ws/install/basic_mobile_robot/share/basic_mobile_robot/meshes/arm_base.stl:Zone.Identifier
[0.189s] -- Installing: /home/johann/dev_ws/install/basic_mobile_robot/share/basic_mobile_robot/meshes/wheel.stl:Zone.Identifier
[0.189s] -- Installing: /home/johann/dev_ws/install/basic_mobile_robot/share/basic_mobile_robot/meshes/robot_base.stl:Zone.Identifier
[0.189s] -- Installing: /home/johann/dev_ws/install/basic_mobile_robot/share/basic_mobile_robot/meshes/bicep.stl:Zone.Identifier
[0.189s] -- Installing: /home/johann/dev_ws/install/basic_mobile_robot/share/basic_mobile_robot/meshes/wrist.stl:Zone.Identifier
[0.189s] -- Installing: /home/johann/dev_ws/install/basic_mobile_robot/share/basic_mobile_robot/models
[0.189s] -- Installing: /home/johann/dev_ws/install/basic_mobile_robot/share/basic_mobile_robot/models/basic_mobile_bot_v1.urdf
[0.189s] -- Installing: /home/johann/dev_ws/install/basic_mobile_robot/share/basic_mobile_robot/params
[0.189s] -- Installing: /home/johann/dev_ws/install/basic_mobile_robot/share/basic_mobile_robot/rviz
[0.189s] -- Installing: /home/johann/dev_ws/install/basic_mobile_robot/share/basic_mobile_robot/rviz/urdf_config.rviz
[0.189s] -- Installing: /home/johann/dev_ws/install/basic_mobile_robot/share/basic_mobile_robot/src
[0.189s] -- Installing: /home/johann/dev_ws/install/basic_mobile_robot/share/basic_mobile_robot/worlds
[0.190s] -- Installing: /home/johann/dev_ws/install/basic_mobile_robot/share/ament_index/resource_index/package_run_dependencies/basic_mobile_robot
[0.190s] -- Up-to-date: /home/johann/dev_ws/install/basic_mobile_robot/share/ament_index/resource_index/parent_prefix_path/basic_mobile_robot
[0.190s] -- Up-to-date: /home/johann/dev_ws/install/basic_mobile_robot/share/basic_mobile_robot/environment/ament_prefix_path.sh
[0.190s] -- Installing: /home/johann/dev_ws/install/basic_mobile_robot/share/basic_mobile_robot/environment/ament_prefix_path.dsv
[0.190s] -- Up-to-date: /home/johann/dev_ws/install/basic_mobile_robot/share/basic_mobile_robot/environment/path.sh
[0.190s] -- Installing: /home/johann/dev_ws/install/basic_mobile_robot/share/basic_mobile_robot/environment/path.dsv
[0.190s] -- Up-to-date: /home/johann/dev_ws/install/basic_mobile_robot/share/basic_mobile_robot/local_setup.bash
[0.190s] -- Up-to-date: /home/johann/dev_ws/install/basic_mobile_robot/share/basic_mobile_robot/local_setup.sh
[0.190s] -- Up-to-date: /home/johann/dev_ws/install/basic_mobile_robot/share/basic_mobile_robot/local_setup.zsh
[0.190s] -- Installing: /home/johann/dev_ws/install/basic_mobile_robot/share/basic_mobile_robot/local_setup.dsv
[0.190s] -- Installing: /home/johann/dev_ws/install/basic_mobile_robot/share/basic_mobile_robot/package.dsv
[0.190s] -- Up-to-date: /home/johann/dev_ws/install/basic_mobile_robot/share/ament_index/resource_index/packages/basic_mobile_robot
[0.191s] -- Up-to-date: /home/johann/dev_ws/install/basic_mobile_robot/share/basic_mobile_robot/cmake/basic_mobile_robotConfig.cmake
[0.191s] -- Up-to-date: /home/johann/dev_ws/install/basic_mobile_robot/share/basic_mobile_robot/cmake/basic_mobile_robotConfig-version.cmake
[0.191s] -- Installing: /home/johann/dev_ws/install/basic_mobile_robot/share/basic_mobile_robot/package.xml
[0.191s] Invoked command in '/home/johann/dev_ws/build/basic_mobile_robot' returned '0': CMAKE_PREFIX_PATH=/opt/ros/humble /usr/bin/cmake --install /home/johann/dev_ws/build/basic_mobile_robot
