-- Install configuration: ""
-- Up-to-date: /home/johann/dev_ws/install/basic_mobile_robot/share/basic_mobile_robot/config
-- Up-to-date: /home/johann/dev_ws/install/basic_mobile_robot/share/basic_mobile_robot/launch
-- Up-to-date: /home/johann/dev_ws/install/basic_mobile_robot/share/basic_mobile_robot/launch/spawm_robot.launch.py
-- Up-to-date: /home/johann/dev_ws/install/basic_mobile_robot/share/basic_mobile_robot/launch/spawm_robot_sdf.launch.py
-- Up-to-date: /home/johann/dev_ws/install/basic_mobile_robot/share/basic_mobile_robot/launch/basic_mobile_bot_v2.launch.py
-- Installing: /home/johann/dev_ws/install/basic_mobile_robot/share/basic_mobile_robot/launch/basic_mobile_bot_v1.launch.py
-- Up-to-date: /home/johann/dev_ws/install/basic_mobile_robot/share/basic_mobile_robot/launch/basic_mobile_bot_v4.launch.py
-- Up-to-date: /home/johann/dev_ws/install/basic_mobile_robot/share/basic_mobile_robot/maps
-- Up-to-date: /home/johann/dev_ws/install/basic_mobile_robot/share/basic_mobile_robot/meshes
-- Up-to-date: /home/johann/dev_ws/install/basic_mobile_robot/share/basic_mobile_robot/meshes/robot_base.stl
-- Up-to-date: /home/johann/dev_ws/install/basic_mobile_robot/share/basic_mobile_robot/meshes/elbow.stl:Zone.Identifier
-- Up-to-date: /home/johann/dev_ws/install/basic_mobile_robot/share/basic_mobile_robot/meshes/arm_base.stl
-- Up-to-date: /home/johann/dev_ws/install/basic_mobile_robot/share/basic_mobile_robot/meshes/elbow.stl
-- Up-to-date: /home/johann/dev_ws/install/basic_mobile_robot/share/basic_mobile_robot/meshes/wheel.stl
-- Up-to-date: /home/johann/dev_ws/install/basic_mobile_robot/share/basic_mobile_robot/meshes/bicep.stl
-- Up-to-date: /home/johann/dev_ws/install/basic_mobile_robot/share/basic_mobile_robot/meshes/wrist.stl
-- Up-to-date: /home/johann/dev_ws/install/basic_mobile_robot/share/basic_mobile_robot/meshes/arm_base.stl:Zone.Identifier
-- Up-to-date: /home/johann/dev_ws/install/basic_mobile_robot/share/basic_mobile_robot/meshes/wheel.stl:Zone.Identifier
-- Up-to-date: /home/johann/dev_ws/install/basic_mobile_robot/share/basic_mobile_robot/meshes/robot_base.stl:Zone.Identifier
-- Up-to-date: /home/johann/dev_ws/install/basic_mobile_robot/share/basic_mobile_robot/meshes/bicep.stl:Zone.Identifier
-- Up-to-date: /home/johann/dev_ws/install/basic_mobile_robot/share/basic_mobile_robot/meshes/wrist.stl:Zone.Identifier
-- Up-to-date: /home/johann/dev_ws/install/basic_mobile_robot/share/basic_mobile_robot/models
-- Installing: /home/johann/dev_ws/install/basic_mobile_robot/share/basic_mobile_robot/models/basic_mobile_bot_v1.urdf
-- Up-to-date: /home/johann/dev_ws/install/basic_mobile_robot/share/basic_mobile_robot/models/basic_mobile_bot_description
-- Up-to-date: /home/johann/dev_ws/install/basic_mobile_robot/share/basic_mobile_robot/models/basic_mobile_bot_description/model.sdf
-- Up-to-date: /home/johann/dev_ws/install/basic_mobile_robot/share/basic_mobile_robot/models/basic_mobile_bot_description/model.config
-- Up-to-date: /home/johann/dev_ws/install/basic_mobile_robot/share/basic_mobile_robot/models/basic_mobile_bot_v2.urdf
-- Up-to-date: /home/johann/dev_ws/install/basic_mobile_robot/share/basic_mobile_robot/models/robotV1_description
-- Up-to-date: /home/johann/dev_ws/install/basic_mobile_robot/share/basic_mobile_robot/models/robotV1_description/motor.xacro:Zone.Identifier
-- Up-to-date: /home/johann/dev_ws/install/basic_mobile_robot/share/basic_mobile_robot/models/robotV1_description/robot.xacro:Zone.Identifier
-- Up-to-date: /home/johann/dev_ws/install/basic_mobile_robot/share/basic_mobile_robot/models/robotV1_description/lidar.xacro
-- Up-to-date: /home/johann/dev_ws/install/basic_mobile_robot/share/basic_mobile_robot/models/robotV1_description/wheel.xacro:Zone.Identifier
-- Up-to-date: /home/johann/dev_ws/install/basic_mobile_robot/share/basic_mobile_robot/models/robotV1_description/robot2.xacro
-- Up-to-date: /home/johann/dev_ws/install/basic_mobile_robot/share/basic_mobile_robot/models/robotV1_description/wheel.xacro
-- Up-to-date: /home/johann/dev_ws/install/basic_mobile_robot/share/basic_mobile_robot/models/robotV1_description/model.sdf
-- Up-to-date: /home/johann/dev_ws/install/basic_mobile_robot/share/basic_mobile_robot/models/robotV1_description/motor.xacro
-- Up-to-date: /home/johann/dev_ws/install/basic_mobile_robot/share/basic_mobile_robot/models/robotV1_description/base.xacro:Zone.Identifier
-- Up-to-date: /home/johann/dev_ws/install/basic_mobile_robot/share/basic_mobile_robot/models/robotV1_description/base.xacro
-- Up-to-date: /home/johann/dev_ws/install/basic_mobile_robot/share/basic_mobile_robot/models/robotV1_description/pillar.xacro:Zone.Identifier
-- Up-to-date: /home/johann/dev_ws/install/basic_mobile_robot/share/basic_mobile_robot/models/robotV1_description/pillar.xacro
-- Up-to-date: /home/johann/dev_ws/install/basic_mobile_robot/share/basic_mobile_robot/models/robotV1_description/robot.xacro
-- Up-to-date: /home/johann/dev_ws/install/basic_mobile_robot/share/basic_mobile_robot/models/robotV1_description/lidar.xacro:Zone.Identifier
-- Up-to-date: /home/johann/dev_ws/install/basic_mobile_robot/share/basic_mobile_robot/params
-- Up-to-date: /home/johann/dev_ws/install/basic_mobile_robot/share/basic_mobile_robot/rviz
-- Up-to-date: /home/johann/dev_ws/install/basic_mobile_robot/share/basic_mobile_robot/rviz/urdf_config.rviz
-- Up-to-date: /home/johann/dev_ws/install/basic_mobile_robot/share/basic_mobile_robot/rviz/visualize_robot.rviz
-- Up-to-date: /home/johann/dev_ws/install/basic_mobile_robot/share/basic_mobile_robot/rviz/visualize_robot.rviz:Zone.Identifier
-- Up-to-date: /home/johann/dev_ws/install/basic_mobile_robot/share/basic_mobile_robot/src
-- Up-to-date: /home/johann/dev_ws/install/basic_mobile_robot/share/basic_mobile_robot/worlds
-- Up-to-date: /home/johann/dev_ws/install/basic_mobile_robot/share/basic_mobile_robot/worlds/Empty_world.world
-- Up-to-date: /home/johann/dev_ws/install/basic_mobile_robot/share/basic_mobile_robot/worlds/basic_mobile_bot_world
-- Up-to-date: /home/johann/dev_ws/install/basic_mobile_robot/share/basic_mobile_robot/worlds/basic_mobile_bot_world/smalltown.world
-- Up-to-date: /home/johann/dev_ws/install/basic_mobile_robot/share/ament_index/resource_index/package_run_dependencies/basic_mobile_robot
-- Up-to-date: /home/johann/dev_ws/install/basic_mobile_robot/share/ament_index/resource_index/parent_prefix_path/basic_mobile_robot
-- Up-to-date: /home/johann/dev_ws/install/basic_mobile_robot/share/basic_mobile_robot/environment/ament_prefix_path.sh
-- Up-to-date: /home/johann/dev_ws/install/basic_mobile_robot/share/basic_mobile_robot/environment/ament_prefix_path.dsv
-- Up-to-date: /home/johann/dev_ws/install/basic_mobile_robot/share/basic_mobile_robot/environment/path.sh
-- Up-to-date: /home/johann/dev_ws/install/basic_mobile_robot/share/basic_mobile_robot/environment/path.dsv
-- Up-to-date: /home/johann/dev_ws/install/basic_mobile_robot/share/basic_mobile_robot/local_setup.bash
-- Up-to-date: /home/johann/dev_ws/install/basic_mobile_robot/share/basic_mobile_robot/local_setup.sh
-- Up-to-date: /home/johann/dev_ws/install/basic_mobile_robot/share/basic_mobile_robot/local_setup.zsh
-- Up-to-date: /home/johann/dev_ws/install/basic_mobile_robot/share/basic_mobile_robot/local_setup.dsv
-- Installing: /home/johann/dev_ws/install/basic_mobile_robot/share/basic_mobile_robot/package.dsv
-- Up-to-date: /home/johann/dev_ws/install/basic_mobile_robot/share/ament_index/resource_index/packages/basic_mobile_robot
-- Up-to-date: /home/johann/dev_ws/install/basic_mobile_robot/share/basic_mobile_robot/cmake/basic_mobile_robotConfig.cmake
-- Up-to-date: /home/johann/dev_ws/install/basic_mobile_robot/share/basic_mobile_robot/cmake/basic_mobile_robotConfig-version.cmake
-- Up-to-date: /home/johann/dev_ws/install/basic_mobile_robot/share/basic_mobile_robot/package.xml
