[0.010s] Invoking command in '/home/johann/dev_ws/build/basic_mobile_robot': CMAKE_PREFIX_PATH=${CMAKE_PREFIX_PATH}:/opt/ros/humble /usr/bin/cmake --build /home/johann/dev_ws/build/basic_mobile_robot -- -j12 -l12
[0.031s] Invoked command in '/home/johann/dev_ws/build/basic_mobile_robot' returned '0': CMAKE_PREFIX_PATH=${CMAKE_PREFIX_PATH}:/opt/ros/humble /usr/bin/cmake --build /home/johann/dev_ws/build/basic_mobile_robot -- -j12 -l12
[0.049s] Invoking command in '/home/johann/dev_ws/build/basic_mobile_robot': CMAKE_PREFIX_PATH=${CMAKE_PREFIX_PATH}:/opt/ros/humble /usr/bin/cmake --install /home/johann/dev_ws/build/basic_mobile_robot
[0.053s] -- Install configuration: ""
[0.053s] -- Up-to-date: /home/johann/dev_ws/install/basic_mobile_robot/share/basic_mobile_robot/config
[0.054s] -- Up-to-date: /home/johann/dev_ws/install/basic_mobile_robot/share/basic_mobile_robot/launch
[0.054s] -- Up-to-date: /home/johann/dev_ws/install/basic_mobile_robot/share/basic_mobile_robot/launch/spawm_robot.launch.py
[0.054s] -- Up-to-date: /home/johann/dev_ws/install/basic_mobile_robot/share/basic_mobile_robot/launch/basic_mobile_bot_v2.launch.py
[0.054s] -- Up-to-date: /home/johann/dev_ws/install/basic_mobile_robot/share/basic_mobile_robot/launch/basic_mobile_bot_v1.launch.py
[0.054s] -- Up-to-date: /home/johann/dev_ws/install/basic_mobile_robot/share/basic_mobile_robot/launch/basic_mobile_bot_v4.launch.py
[0.054s] -- Up-to-date: /home/johann/dev_ws/install/basic_mobile_robot/share/basic_mobile_robot/maps
[0.054s] -- Up-to-date: /home/johann/dev_ws/install/basic_mobile_robot/share/basic_mobile_robot/meshes
[0.054s] -- Up-to-date: /home/johann/dev_ws/install/basic_mobile_robot/share/basic_mobile_robot/meshes/robot_base.stl
[0.054s] -- Up-to-date: /home/johann/dev_ws/install/basic_mobile_robot/share/basic_mobile_robot/meshes/elbow.stl:Zone.Identifier
[0.054s] -- Up-to-date: /home/johann/dev_ws/install/basic_mobile_robot/share/basic_mobile_robot/meshes/arm_base.stl
[0.054s] -- Up-to-date: /home/johann/dev_ws/install/basic_mobile_robot/share/basic_mobile_robot/meshes/elbow.stl
[0.054s] -- Up-to-date: /home/johann/dev_ws/install/basic_mobile_robot/share/basic_mobile_robot/meshes/wheel.stl
[0.055s] -- Up-to-date: /home/johann/dev_ws/install/basic_mobile_robot/share/basic_mobile_robot/meshes/bicep.stl
[0.055s] -- Up-to-date: /home/johann/dev_ws/install/basic_mobile_robot/share/basic_mobile_robot/meshes/wrist.stl
[0.055s] -- Up-to-date: /home/johann/dev_ws/install/basic_mobile_robot/share/basic_mobile_robot/meshes/arm_base.stl:Zone.Identifier
[0.055s] -- Up-to-date: /home/johann/dev_ws/install/basic_mobile_robot/share/basic_mobile_robot/meshes/wheel.stl:Zone.Identifier
[0.055s] -- Up-to-date: /home/johann/dev_ws/install/basic_mobile_robot/share/basic_mobile_robot/meshes/robot_base.stl:Zone.Identifier
[0.055s] -- Up-to-date: /home/johann/dev_ws/install/basic_mobile_robot/share/basic_mobile_robot/meshes/bicep.stl:Zone.Identifier
[0.055s] -- Up-to-date: /home/johann/dev_ws/install/basic_mobile_robot/share/basic_mobile_robot/meshes/wrist.stl:Zone.Identifier
[0.055s] -- Up-to-date: /home/johann/dev_ws/install/basic_mobile_robot/share/basic_mobile_robot/models
[0.055s] -- Up-to-date: /home/johann/dev_ws/install/basic_mobile_robot/share/basic_mobile_robot/models/basic_mobile_bot_v1.urdf
[0.056s] -- Up-to-date: /home/johann/dev_ws/install/basic_mobile_robot/share/basic_mobile_robot/models/basic_mobile_bot_description
[0.056s] -- Up-to-date: /home/johann/dev_ws/install/basic_mobile_robot/share/basic_mobile_robot/models/basic_mobile_bot_description/model.sdf
[0.056s] -- Up-to-date: /home/johann/dev_ws/install/basic_mobile_robot/share/basic_mobile_robot/models/basic_mobile_bot_description/model.config
[0.056s] -- Up-to-date: /home/johann/dev_ws/install/basic_mobile_robot/share/basic_mobile_robot/models/basic_mobile_bot_v2.urdf
[0.056s] -- Up-to-date: /home/johann/dev_ws/install/basic_mobile_robot/share/basic_mobile_robot/models/robotV1_description
[0.057s] -- Up-to-date: /home/johann/dev_ws/install/basic_mobile_robot/share/basic_mobile_robot/models/robotV1_description/motor.xacro:Zone.Identifier
[0.057s] -- Up-to-date: /home/johann/dev_ws/install/basic_mobile_robot/share/basic_mobile_robot/models/robotV1_description/robot.xacro:Zone.Identifier
[0.057s] -- Up-to-date: /home/johann/dev_ws/install/basic_mobile_robot/share/basic_mobile_robot/models/robotV1_description/lidar.xacro
[0.057s] -- Up-to-date: /home/johann/dev_ws/install/basic_mobile_robot/share/basic_mobile_robot/models/robotV1_description/wheel.xacro:Zone.Identifier
[0.057s] -- Up-to-date: /home/johann/dev_ws/install/basic_mobile_robot/share/basic_mobile_robot/models/robotV1_description/robot2.xacro
[0.057s] -- Up-to-date: /home/johann/dev_ws/install/basic_mobile_robot/share/basic_mobile_robot/models/robotV1_description/wheel.xacro
[0.057s] -- Up-to-date: /home/johann/dev_ws/install/basic_mobile_robot/share/basic_mobile_robot/models/robotV1_description/motor.xacro
[0.058s] -- Up-to-date: /home/johann/dev_ws/install/basic_mobile_robot/share/basic_mobile_robot/models/robotV1_description/base.xacro:Zone.Identifier
[0.058s] -- Up-to-date: /home/johann/dev_ws/install/basic_mobile_robot/share/basic_mobile_robot/models/robotV1_description/base.xacro
[0.058s] -- Up-to-date: /home/johann/dev_ws/install/basic_mobile_robot/share/basic_mobile_robot/models/robotV1_description/pillar.xacro:Zone.Identifier
[0.058s] -- Up-to-date: /home/johann/dev_ws/install/basic_mobile_robot/share/basic_mobile_robot/models/robotV1_description/pillar.xacro
[0.058s] -- Installing: /home/johann/dev_ws/install/basic_mobile_robot/share/basic_mobile_robot/models/robotV1_description/robot.xacro
[0.058s] -- Up-to-date: /home/johann/dev_ws/install/basic_mobile_robot/share/basic_mobile_robot/models/robotV1_description/lidar.xacro:Zone.Identifier
[0.058s] -- Up-to-date: /home/johann/dev_ws/install/basic_mobile_robot/share/basic_mobile_robot/params
[0.058s] -- Up-to-date: /home/johann/dev_ws/install/basic_mobile_robot/share/basic_mobile_robot/rviz
[0.058s] -- Up-to-date: /home/johann/dev_ws/install/basic_mobile_robot/share/basic_mobile_robot/rviz/urdf_config.rviz
[0.059s] -- Up-to-date: /home/johann/dev_ws/install/basic_mobile_robot/share/basic_mobile_robot/rviz/visualize_robot.rviz
[0.059s] -- Up-to-date: /home/johann/dev_ws/install/basic_mobile_robot/share/basic_mobile_robot/rviz/visualize_robot.rviz:Zone.Identifier
[0.059s] -- Up-to-date: /home/johann/dev_ws/install/basic_mobile_robot/share/basic_mobile_robot/src
[0.059s] -- Up-to-date: /home/johann/dev_ws/install/basic_mobile_robot/share/basic_mobile_robot/worlds
[0.059s] -- Up-to-date: /home/johann/dev_ws/install/basic_mobile_robot/share/basic_mobile_robot/worlds/Empty_world.world
[0.059s] -- Up-to-date: /home/johann/dev_ws/install/basic_mobile_robot/share/basic_mobile_robot/worlds/basic_mobile_bot_world
[0.059s] -- Up-to-date: /home/johann/dev_ws/install/basic_mobile_robot/share/basic_mobile_robot/worlds/basic_mobile_bot_world/smalltown.world
[0.059s] -- Up-to-date: /home/johann/dev_ws/install/basic_mobile_robot/share/ament_index/resource_index/package_run_dependencies/basic_mobile_robot
[0.059s] -- Up-to-date: /home/johann/dev_ws/install/basic_mobile_robot/share/ament_index/resource_index/parent_prefix_path/basic_mobile_robot
[0.059s] -- Up-to-date: /home/johann/dev_ws/install/basic_mobile_robot/share/basic_mobile_robot/environment/ament_prefix_path.sh
[0.060s] -- Up-to-date: /home/johann/dev_ws/install/basic_mobile_robot/share/basic_mobile_robot/environment/ament_prefix_path.dsv
[0.060s] -- Up-to-date: /home/johann/dev_ws/install/basic_mobile_robot/share/basic_mobile_robot/environment/path.sh
[0.060s] -- Up-to-date: /home/johann/dev_ws/install/basic_mobile_robot/share/basic_mobile_robot/environment/path.dsv
[0.060s] -- Up-to-date: /home/johann/dev_ws/install/basic_mobile_robot/share/basic_mobile_robot/local_setup.bash
[0.060s] -- Up-to-date: /home/johann/dev_ws/install/basic_mobile_robot/share/basic_mobile_robot/local_setup.sh
[0.060s] -- Up-to-date: /home/johann/dev_ws/install/basic_mobile_robot/share/basic_mobile_robot/local_setup.zsh
[0.061s] -- Up-to-date: /home/johann/dev_ws/install/basic_mobile_robot/share/basic_mobile_robot/local_setup.dsv
[0.061s] -- Installing: /home/johann/dev_ws/install/basic_mobile_robot/share/basic_mobile_robot/package.dsv
[0.061s] -- Up-to-date: /home/johann/dev_ws/install/basic_mobile_robot/share/ament_index/resource_index/packages/basic_mobile_robot
[0.061s] -- Up-to-date: /home/johann/dev_ws/install/basic_mobile_robot/share/basic_mobile_robot/cmake/basic_mobile_robotConfig.cmake
[0.061s] -- Up-to-date: /home/johann/dev_ws/install/basic_mobile_robot/share/basic_mobile_robot/cmake/basic_mobile_robotConfig-version.cmake
[0.061s] -- Up-to-date: /home/johann/dev_ws/install/basic_mobile_robot/share/basic_mobile_robot/package.xml
[0.061s] Invoked command in '/home/johann/dev_ws/build/basic_mobile_robot' returned '0': CMAKE_PREFIX_PATH=${CMAKE_PREFIX_PATH}:/opt/ros/humble /usr/bin/cmake --install /home/johann/dev_ws/build/basic_mobile_robot
