[0.011s] Invoking command in '/home/johann/dev_ws/build/basic_mobile_robot': CMAKE_PREFIX_PATH=/opt/ros/humble /usr/bin/cmake --build /home/johann/dev_ws/build/basic_mobile_robot -- -j12 -l12
[0.069s] Invoked command in '/home/johann/dev_ws/build/basic_mobile_robot' returned '0': CMAKE_PREFIX_PATH=/opt/ros/humble /usr/bin/cmake --build /home/johann/dev_ws/build/basic_mobile_robot -- -j12 -l12
[0.087s] Invoking command in '/home/johann/dev_ws/build/basic_mobile_robot': CMAKE_PREFIX_PATH=/opt/ros/humble /usr/bin/cmake --install /home/johann/dev_ws/build/basic_mobile_robot
[0.091s] -- Install configuration: ""
[0.092s] -- Up-to-date: /home/johann/dev_ws/install/basic_mobile_robot/share/basic_mobile_robot/config
[0.092s] -- Up-to-date: /home/johann/dev_ws/install/basic_mobile_robot/share/basic_mobile_robot/launch
[0.093s] -- Up-to-date: /home/johann/dev_ws/install/basic_mobile_robot/share/basic_mobile_robot/launch/basic_mobile_bot_v2.launch.py
[0.093s] -- Up-to-date: /home/johann/dev_ws/install/basic_mobile_robot/share/basic_mobile_robot/launch/basic_mobile_bot_v1.launch.py
[0.094s] -- Up-to-date: /home/johann/dev_ws/install/basic_mobile_robot/share/basic_mobile_robot/launch/basic_mobile_bot_v4.launch.py
[0.094s] -- Up-to-date: /home/johann/dev_ws/install/basic_mobile_robot/share/basic_mobile_robot/maps
[0.094s] -- Up-to-date: /home/johann/dev_ws/install/basic_mobile_robot/share/basic_mobile_robot/meshes
[0.095s] -- Up-to-date: /home/johann/dev_ws/install/basic_mobile_robot/share/basic_mobile_robot/meshes/robot_base.stl
[0.095s] -- Up-to-date: /home/johann/dev_ws/install/basic_mobile_robot/share/basic_mobile_robot/meshes/elbow.stl:Zone.Identifier
[0.095s] -- Up-to-date: /home/johann/dev_ws/install/basic_mobile_robot/share/basic_mobile_robot/meshes/arm_base.stl
[0.095s] -- Up-to-date: /home/johann/dev_ws/install/basic_mobile_robot/share/basic_mobile_robot/meshes/elbow.stl
[0.095s] -- Up-to-date: /home/johann/dev_ws/install/basic_mobile_robot/share/basic_mobile_robot/meshes/wheel.stl
[0.095s] -- Up-to-date: /home/johann/dev_ws/install/basic_mobile_robot/share/basic_mobile_robot/meshes/bicep.stl
[0.095s] -- Up-to-date: /home/johann/dev_ws/install/basic_mobile_robot/share/basic_mobile_robot/meshes/wrist.stl
[0.095s] -- Up-to-date: /home/johann/dev_ws/install/basic_mobile_robot/share/basic_mobile_robot/meshes/arm_base.stl:Zone.Identifier
[0.096s] -- Up-to-date: /home/johann/dev_ws/install/basic_mobile_robot/share/basic_mobile_robot/meshes/wheel.stl:Zone.Identifier
[0.096s] -- Up-to-date: /home/johann/dev_ws/install/basic_mobile_robot/share/basic_mobile_robot/meshes/robot_base.stl:Zone.Identifier
[0.096s] -- Up-to-date: /home/johann/dev_ws/install/basic_mobile_robot/share/basic_mobile_robot/meshes/bicep.stl:Zone.Identifier
[0.096s] -- Up-to-date: /home/johann/dev_ws/install/basic_mobile_robot/share/basic_mobile_robot/meshes/wrist.stl:Zone.Identifier
[0.096s] -- Up-to-date: /home/johann/dev_ws/install/basic_mobile_robot/share/basic_mobile_robot/models
[0.096s] -- Up-to-date: /home/johann/dev_ws/install/basic_mobile_robot/share/basic_mobile_robot/models/basic_mobile_bot_v1.urdf
[0.096s] -- Up-to-date: /home/johann/dev_ws/install/basic_mobile_robot/share/basic_mobile_robot/models/basic_mobile_bot_description
[0.096s] -- Up-to-date: /home/johann/dev_ws/install/basic_mobile_robot/share/basic_mobile_robot/models/basic_mobile_bot_description/model.sdf
[0.096s] -- Up-to-date: /home/johann/dev_ws/install/basic_mobile_robot/share/basic_mobile_robot/models/basic_mobile_bot_description/model.config
[0.096s] -- Up-to-date: /home/johann/dev_ws/install/basic_mobile_robot/share/basic_mobile_robot/models/basic_mobile_bot_v2.urdf
[0.097s] -- Up-to-date: /home/johann/dev_ws/install/basic_mobile_robot/share/basic_mobile_robot/params
[0.097s] -- Up-to-date: /home/johann/dev_ws/install/basic_mobile_robot/share/basic_mobile_robot/rviz
[0.097s] -- Up-to-date: /home/johann/dev_ws/install/basic_mobile_robot/share/basic_mobile_robot/rviz/urdf_config.rviz
[0.097s] -- Up-to-date: /home/johann/dev_ws/install/basic_mobile_robot/share/basic_mobile_robot/src
[0.097s] -- Up-to-date: /home/johann/dev_ws/install/basic_mobile_robot/share/basic_mobile_robot/worlds
[0.098s] -- Up-to-date: /home/johann/dev_ws/install/basic_mobile_robot/share/basic_mobile_robot/worlds/Empty_world.world
[0.098s] -- Up-to-date: /home/johann/dev_ws/install/basic_mobile_robot/share/basic_mobile_robot/worlds/basic_mobile_bot_world
[0.098s] -- Up-to-date: /home/johann/dev_ws/install/basic_mobile_robot/share/basic_mobile_robot/worlds/basic_mobile_bot_world/smalltown.world
[0.099s] -- Up-to-date: /home/johann/dev_ws/install/basic_mobile_robot/share/ament_index/resource_index/package_run_dependencies/basic_mobile_robot
[0.099s] -- Up-to-date: /home/johann/dev_ws/install/basic_mobile_robot/share/ament_index/resource_index/parent_prefix_path/basic_mobile_robot
[0.099s] -- Up-to-date: /home/johann/dev_ws/install/basic_mobile_robot/share/basic_mobile_robot/environment/ament_prefix_path.sh
[0.099s] -- Up-to-date: /home/johann/dev_ws/install/basic_mobile_robot/share/basic_mobile_robot/environment/ament_prefix_path.dsv
[0.099s] -- Up-to-date: /home/johann/dev_ws/install/basic_mobile_robot/share/basic_mobile_robot/environment/path.sh
[0.099s] -- Up-to-date: /home/johann/dev_ws/install/basic_mobile_robot/share/basic_mobile_robot/environment/path.dsv
[0.099s] -- Up-to-date: /home/johann/dev_ws/install/basic_mobile_robot/share/basic_mobile_robot/local_setup.bash
[0.100s] -- Up-to-date: /home/johann/dev_ws/install/basic_mobile_robot/share/basic_mobile_robot/local_setup.sh
[0.100s] -- Up-to-date: /home/johann/dev_ws/install/basic_mobile_robot/share/basic_mobile_robot/local_setup.zsh
[0.100s] -- Up-to-date: /home/johann/dev_ws/install/basic_mobile_robot/share/basic_mobile_robot/local_setup.dsv
[0.100s] -- Installing: /home/johann/dev_ws/install/basic_mobile_robot/share/basic_mobile_robot/package.dsv
[0.101s] -- Up-to-date: /home/johann/dev_ws/install/basic_mobile_robot/share/ament_index/resource_index/packages/basic_mobile_robot
[0.102s] -- Up-to-date: /home/johann/dev_ws/install/basic_mobile_robot/share/basic_mobile_robot/cmake/basic_mobile_robotConfig.cmake
[0.102s] -- Up-to-date: /home/johann/dev_ws/install/basic_mobile_robot/share/basic_mobile_robot/cmake/basic_mobile_robotConfig-version.cmake
[0.102s] -- Up-to-date: /home/johann/dev_ws/install/basic_mobile_robot/share/basic_mobile_robot/package.xml
[0.103s] Invoked command in '/home/johann/dev_ws/build/basic_mobile_robot' returned '0': CMAKE_PREFIX_PATH=/opt/ros/humble /usr/bin/cmake --install /home/johann/dev_ws/build/basic_mobile_robot
